
2019.05.16 13:02:40
Имя: наталья
Телефон: +375296644434
Дополнительная информация: Перезвоните мне
Адрес страницы: http://bestpack.local/

2019.06.18 00:13:02
name: Nata
email: sgs@tut.by
phone: 12345
comments: Comments...
confirm: on
recapcha: on
Дополнительная информация: Save
Адрес страницы: http://common/senaIDEAs/constructor.html

2019.06.18 12:08:57
name: Nat
email: sf@cg.ni
phone: 123456
comments: Comments...
confirm: on
recapcha: on
Дополнительная информация: Save
Адрес страницы: http://common/senaIDEAs/constructor.html

2019.06.18 12:23:35
name: N
email: d@bjn.b
phone: 87654
comments: Comments...
confirm: on
recapcha: on
Дополнительная информация: Save
Адрес страницы: http://common/senaIDEAs/constructor.html

